  Projeto.cpp
C:\Users\35193\OneDrive\Ambiente de Trabalho\3 ano\CG\Projeto\Projeto\Projeto\Projeto.cpp(160,18): warning C4305: 'inicializando': truncamento de 'double' para 'float'
C:\Users\35193\OneDrive\Ambiente de Trabalho\3 ano\CG\Projeto\Projeto\Projeto\Projeto.cpp(173,27): warning C4244: '=': conversão de 'double' para 'float', possível perda de dados
C:\Users\35193\OneDrive\Ambiente de Trabalho\3 ano\CG\Projeto\Projeto\Projeto\Projeto.cpp(174,27): warning C4244: '=': conversão de 'double' para 'float', possível perda de dados
C:\Users\35193\OneDrive\Ambiente de Trabalho\3 ano\CG\Projeto\Projeto\Projeto\Projeto.cpp(182,27): warning C4244: '=': conversão de 'double' para 'float', possível perda de dados
C:\Users\35193\OneDrive\Ambiente de Trabalho\3 ano\CG\Projeto\Projeto\Projeto\Projeto.cpp(183,27): warning C4244: '=': conversão de 'double' para 'float', possível perda de dados
C:\Users\35193\OneDrive\Ambiente de Trabalho\3 ano\CG\Projeto\Projeto\Projeto\Projeto.cpp(190,27): warning C4244: '=': conversão de 'double' para 'float', possível perda de dados
C:\Users\35193\OneDrive\Ambiente de Trabalho\3 ano\CG\Projeto\Projeto\Projeto\Projeto.cpp(191,27): warning C4244: '=': conversão de 'double' para 'float', possível perda de dados
C:\Users\35193\OneDrive\Ambiente de Trabalho\3 ano\CG\Projeto\Projeto\Projeto\Projeto.cpp(193,35): warning C4244: '+=': conversão de 'double' para 'float', possível perda de dados
C:\Users\35193\OneDrive\Ambiente de Trabalho\3 ano\CG\Projeto\Projeto\Projeto\Projeto.cpp(199,27): warning C4244: '=': conversão de 'double' para 'float', possível perda de dados
C:\Users\35193\OneDrive\Ambiente de Trabalho\3 ano\CG\Projeto\Projeto\Projeto\Projeto.cpp(200,27): warning C4244: '=': conversão de 'double' para 'float', possível perda de dados
C:\Users\35193\OneDrive\Ambiente de Trabalho\3 ano\CG\Projeto\Projeto\Projeto\Projeto.cpp(210,27): warning C4244: '=': conversão de 'double' para 'float', possível perda de dados
C:\Users\35193\OneDrive\Ambiente de Trabalho\3 ano\CG\Projeto\Projeto\Projeto\Projeto.cpp(211,27): warning C4244: '=': conversão de 'double' para 'float', possível perda de dados
C:\Users\35193\OneDrive\Ambiente de Trabalho\3 ano\CG\Projeto\Projeto\Projeto\Projeto.cpp(221,27): warning C4244: '=': conversão de 'double' para 'float', possível perda de dados
C:\Users\35193\OneDrive\Ambiente de Trabalho\3 ano\CG\Projeto\Projeto\Projeto\Projeto.cpp(222,27): warning C4244: '=': conversão de 'double' para 'float', possível perda de dados
C:\Users\35193\OneDrive\Ambiente de Trabalho\3 ano\CG\Projeto\Projeto\Projeto\Projeto.cpp(224,36): warning C4244: '+=': conversão de 'double' para 'float', possível perda de dados
C:\Users\35193\OneDrive\Ambiente de Trabalho\3 ano\CG\Projeto\Projeto\Projeto\Projeto.cpp(232,27): warning C4244: '=': conversão de 'double' para 'float', possível perda de dados
C:\Users\35193\OneDrive\Ambiente de Trabalho\3 ano\CG\Projeto\Projeto\Projeto\Projeto.cpp(233,27): warning C4244: '=': conversão de 'double' para 'float', possível perda de dados
C:\Users\35193\OneDrive\Ambiente de Trabalho\3 ano\CG\Projeto\Projeto\Projeto\Projeto.cpp(243,27): warning C4244: '=': conversão de 'double' para 'float', possível perda de dados
C:\Users\35193\OneDrive\Ambiente de Trabalho\3 ano\CG\Projeto\Projeto\Projeto\Projeto.cpp(244,27): warning C4244: '=': conversão de 'double' para 'float', possível perda de dados
C:\Users\35193\OneDrive\Ambiente de Trabalho\3 ano\CG\Projeto\Projeto\Projeto\Projeto.cpp(255,27): warning C4244: '=': conversão de 'double' para 'float', possível perda de dados
C:\Users\35193\OneDrive\Ambiente de Trabalho\3 ano\CG\Projeto\Projeto\Projeto\Projeto.cpp(256,27): warning C4244: '=': conversão de 'double' para 'float', possível perda de dados
LINK : warning LNK4098: defaultlib 'MSVCRT' conflita com uso de outras bibliotecas; use /NODEFAULTLIB:library
  Projeto.vcxproj -> C:\Users\35193\OneDrive\Ambiente de Trabalho\3 ano\CG\Projeto\Projeto\x64\Debug\Projeto.exe
